<?xml version="1.0" encoding="UTF-8"?>
<!-- Generated by org.testng.reporters.JUnitReportReporter -->
<testsuite skipped="0" hostname="barshamahesh" name="testRunner.testRun$TestRunner" tests="3" failures="0" timestamp="2022-11-12T00:26:29 GST" time="54.982" errors="0">
  <testcase name="runScenario" time="12.322" classname="testRunner.testRun$TestRunner"/>
  <system-out/>
  <testcase name="runScenario" time="11.176" classname="testRunner.testRun$TestRunner"/>
  <system-out/>
  <testcase name="runScenario" time="31.484" classname="testRunner.testRun$TestRunner"/>
  <system-out/>
</testsuite> <!-- testRunner.testRun$TestRunner -->
