<?xml version="1.0" encoding="UTF-8"?>
<!-- Generated by org.testng.reporters.JUnitReportReporter -->
<testsuite skipped="0" hostname="barshamahesh" name="testRunner.testRun$TestRunner" tests="1" failures="0" timestamp="2022-11-11T22:58:39 GST" time="28.295" errors="0">
  <testcase name="runScenario" time="28.295" classname="testRunner.testRun$TestRunner"/>
  <system-out/>
</testsuite> <!-- testRunner.testRun$TestRunner -->
